<?xml version="1.0" encoding="UTF-8"?>
<!-- Generated by org.testng.reporters.JUnitReportReporter -->
<testsuite skipped="0" hostname="DESKTOP-M05BBAF" name="com.crm.OrganizationTests.CreateOrganizationWithPropertyFileTest" tests="1" failures="0" timestamp="02 Mar 2022 05:59:50 GMT" time="37.907" errors="0">
  <testcase name="createOrgTest" time="37.907" classname="com.crm.OrganizationTests.CreateOrganizationWithPropertyFileTest"/>
</testsuite> <!-- com.crm.OrganizationTests.CreateOrganizationWithPropertyFileTest -->
