<?xml version="1.0" encoding="UTF-8"?>
<!-- Generated by org.testng.reporters.JUnitReportReporter -->
<testsuite skipped="0" hostname="DESKTOP-M05BBAF" name="com.crm.PRACTICE.DataProviderPractise" tests="4" failures="0" timestamp="28 Feb 2022 10:10:07 GMT" time="0.044" errors="0">
  <testcase name="sampleDataProvider" time="0.006" classname="com.crm.PRACTICE.DataProviderPractise"/>
  <testcase name="sampleDataProvider" time="0.017" classname="com.crm.PRACTICE.DataProviderPractise"/>
  <testcase name="sampleDataProvider" time="0.014" classname="com.crm.PRACTICE.DataProviderPractise"/>
  <testcase name="sampleDataProvider" time="0.007" classname="com.crm.PRACTICE.DataProviderPractise"/>
</testsuite> <!-- com.crm.PRACTICE.DataProviderPractise -->
