<?xml version="1.0" encoding="UTF-8"?>
<!-- Generated by org.testng.reporters.JUnitReportReporter -->
<testsuite skipped="0" hostname="DESKTOP-M05BBAF" name="com.crm.PRACTICE.DataProviderPractise2" tests="6" failures="0" timestamp="28 Feb 2022 10:23:56 GMT" time="0.051" errors="0">
  <testcase name="sampleDataProvider" time="0.016" classname="com.crm.PRACTICE.DataProviderPractise2"/>
  <testcase name="sampleDataProvider" time="0.005" classname="com.crm.PRACTICE.DataProviderPractise2"/>
  <testcase name="sampleDataProvider" time="0.008" classname="com.crm.PRACTICE.DataProviderPractise2"/>
  <testcase name="sampleDataProvider" time="0.012" classname="com.crm.PRACTICE.DataProviderPractise2"/>
  <testcase name="sampleDataProvider" time="0.008" classname="com.crm.PRACTICE.DataProviderPractise2"/>
  <testcase name="sampleDataProvider" time="0.002" classname="com.crm.PRACTICE.DataProviderPractise2"/>
</testsuite> <!-- com.crm.PRACTICE.DataProviderPractise2 -->
