<?xml version="1.0" encoding="UTF-8"?>
<!-- Generated by org.testng.reporters.JUnitReportReporter -->
<testsuite skipped="0" hostname="DESKTOP-M05BBAF" name="com.crm.PRACTICE.PractiseTestNG" tests="2" failures="0" timestamp="28 Feb 2022 06:38:39 GMT" time="0.027" errors="0">
  <testcase name="deleteOrg" time="0.003" classname="com.crm.PRACTICE.PractiseTestNG"/>
  <testcase name="createOrg" time="0.024" classname="com.crm.PRACTICE.PractiseTestNG"/>
</testsuite> <!-- com.crm.PRACTICE.PractiseTestNG -->
