<?xml version="1.0" encoding="UTF-8"?>
<!-- Generated by org.testng.reporters.JUnitReportReporter -->
<testsuite skipped="0" hostname="CHANDAN" name="com.crm.ContactTests.CreateContactTest" tests="1" failures="0" timestamp="18 Feb 2022 02:51:25 GMT" time="51.118" errors="0">
  <testcase name="createContactTest" time="51.118" classname="com.crm.ContactTests.CreateContactTest"/>
</testsuite> <!-- com.crm.ContactTests.CreateContactTest -->
