<?xml version="1.0" encoding="UTF-8"?>
<!-- Generated by org.testng.reporters.JUnitReportReporter -->
<testsuite skipped="0" hostname="DESKTOP-M05BBAF" name="com.crm.PractiseWithPOM.CreateContactTest" tests="1" failures="0" timestamp="25 Feb 2022 10:08:32 GMT" time="66.916" errors="0">
  <testcase name="createContactTest" time="66.916" classname="com.crm.PractiseWithPOM.CreateContactTest"/>
</testsuite> <!-- com.crm.PractiseWithPOM.CreateContactTest -->
