<?xml version="1.0" encoding="UTF-8"?>
<!-- Generated by org.testng.reporters.JUnitReportReporter -->
<testsuite skipped="0" hostname="CHANDAN" name="com.crm.campaignsTests.campaignsTest" tests="1" failures="0" timestamp="18 Feb 2022 10:05:20 GMT" time="128.531" errors="0">
  <testcase name="createContactWithOrgTest" time="128.531" classname="com.crm.campaignsTests.campaignsTest"/>
</testsuite> <!-- com.crm.campaignsTests.campaignsTest -->
