<?xml version="1.0" encoding="UTF-8"?>
<!-- Generated by org.testng.reporters.JUnitReportReporter -->
<testsuite skipped="0" hostname="DESKTOP-M05BBAF" name="com.crm.PRACTICE.CreateOrgWithMultipleDataTest" tests="8" failures="0" timestamp="01 Mar 2022 04:53:25 GMT" time="281.341" errors="0">
  <testcase name="createOrgWithMltipleData" time="34.758" classname="com.crm.PRACTICE.CreateOrgWithMultipleDataTest"/>
  <testcase name="createOrgWithMltipleData" time="33.926" classname="com.crm.PRACTICE.CreateOrgWithMultipleDataTest"/>
  <testcase name="createOrgWithMltipleData" time="36.932" classname="com.crm.PRACTICE.CreateOrgWithMultipleDataTest"/>
  <testcase name="createOrgWithMltipleData" time="37.695" classname="com.crm.PRACTICE.CreateOrgWithMultipleDataTest"/>
  <testcase name="createOrgWithMltipleData" time="23.587" classname="com.crm.PRACTICE.CreateOrgWithMultipleDataTest"/>
  <testcase name="createOrgWithMltipleData" time="21.507" classname="com.crm.PRACTICE.CreateOrgWithMultipleDataTest"/>
  <testcase name="createOrgWithMltipleData" time="23.187" classname="com.crm.PRACTICE.CreateOrgWithMultipleDataTest"/>
  <testcase name="createOrgWithMltipleData" time="69.749" classname="com.crm.PRACTICE.CreateOrgWithMultipleDataTest"/>
</testsuite> <!-- com.crm.PRACTICE.CreateOrgWithMultipleDataTest -->
