<?xml version="1.0" encoding="UTF-8"?>
<!-- Generated by org.testng.reporters.JUnitReportReporter -->
<testsuite skipped="0" hostname="DESKTOP-M05BBAF" name="com.crm.PractiseWithPOM.PractiseLoginTest" tests="1" failures="0" timestamp="24 Feb 2022 09:49:04 GMT" time="32.631" errors="0">
  <testcase name="createOrg" time="32.631" classname="com.crm.PractiseWithPOM.PractiseLoginTest"/>
</testsuite> <!-- com.crm.PractiseWithPOM.PractiseLoginTest -->
