<?xml version="1.0" encoding="UTF-8"?>
<!-- Generated by org.testng.reporters.JUnitReportReporter -->
<testsuite skipped="0" hostname="DESKTOP-M05BBAF" name="com.crm.PRACTICE.HandleCalenderTest" tests="1" failures="0" timestamp="09 Mar 2022 11:07:17 GMT" time="105.958" errors="0">
  <testcase name="calender" time="105.958" classname="com.crm.PRACTICE.HandleCalenderTest"/>
</testsuite> <!-- com.crm.PRACTICE.HandleCalenderTest -->
