<?xml version="1.0" encoding="UTF-8"?>
<!-- Generated by org.testng.reporters.JUnitReportReporter -->
<testsuite skipped="0" hostname="CHANDAN" name="com.crm.PRACTICE.WriteDataIntoExcelSheetTest" tests="1" failures="0" timestamp="17 Feb 2022 10:52:33 GMT" time="9.655" errors="0">
  <testcase name="WriteDataIntoExcelSheetTest" time="9.655" classname="com.crm.PRACTICE.WriteDataIntoExcelSheetTest"/>
</testsuite> <!-- com.crm.PRACTICE.WriteDataIntoExcelSheetTest -->
