<?xml version="1.0" encoding="UTF-8"?>
<!-- Generated by org.testng.reporters.JUnitReportReporter -->
<testsuite skipped="0" hostname="DESKTOP-M05BBAF" name="com.crm.OrganizationTests.CreateOrganizationTest" tests="1" failures="0" timestamp="16 Mar 2022 11:49:36 GMT" time="29.634" errors="0">
  <testcase name="createOrganizationTest" time="29.634" classname="com.crm.OrganizationTests.CreateOrganizationTest"/>
</testsuite> <!-- com.crm.OrganizationTests.CreateOrganizationTest -->
