<?xml version="1.0" encoding="UTF-8"?>
<!-- Generated by org.testng.reporters.JUnitReportReporter -->
<testsuite skipped="0" hostname="CHANDAN" name="com.crm.PRACTICE.ReadDataFromExcelSheetTest" tests="1" failures="0" timestamp="17 Feb 2022 10:40:13 GMT" time="1.611" errors="0">
  <testcase name="readDataFromExcelSheetTest" time="1.611" classname="com.crm.PRACTICE.ReadDataFromExcelSheetTest"/>
</testsuite> <!-- com.crm.PRACTICE.ReadDataFromExcelSheetTest -->
