<?xml version="1.0" encoding="UTF-8"?>
<!-- Generated by org.testng.reporters.JUnitReportReporter -->
<testsuite skipped="0" hostname="CHANDAN" name="CreateOrganizationTest.CreateOrgSelectTest" tests="1" failures="0" timestamp="18 Feb 2022 03:09:16 GMT" time="37.639" errors="0">
  <testcase name="createOrganizationTest" time="37.639" classname="CreateOrganizationTest.CreateOrgSelectTest"/>
</testsuite> <!-- CreateOrganizationTest.CreateOrgSelectTest -->
