<?xml version="1.0" encoding="UTF-8"?>
<!-- Generated by org.testng.reporters.JUnitReportReporter -->
<testsuite skipped="0" hostname="CHANDAN" name="com.crm.PRACTICE.DataVerification" tests="1" failures="0" timestamp="16 Feb 2022 09:39:28 GMT" time="0.822" errors="0">
  <testcase name="sampleJDBCExecuteQuery" time="0.822" classname="com.crm.PRACTICE.DataVerification"/>
</testsuite> <!-- com.crm.PRACTICE.DataVerification -->
