<?xml version="1.0" encoding="UTF-8"?>
<!-- Generated by org.testng.reporters.JUnitReportReporter -->
<testsuite skipped="0" hostname="CHANDAN" name="com.crm.PRACTICE.ReadDataFromCmdLineTest" tests="1" failures="0" timestamp="17 Feb 2022 07:29:37 GMT" time="0.031" errors="0">
  <testcase name="readDataFromCmdLineTest" time="0.031" classname="com.crm.PRACTICE.ReadDataFromCmdLineTest"/>
</testsuite> <!-- com.crm.PRACTICE.ReadDataFromCmdLineTest -->
