<?xml version="1.0" encoding="UTF-8"?>
<!-- Generated by org.testng.reporters.JUnitReportReporter -->
<testsuite skipped="0" hostname="DESKTOP-M05BBAF" name="com.crm.PRACTICE.HandleCalenderGoibiboTest" tests="1" failures="0" timestamp="09 Mar 2022 21:55:18 GMT" time="35.291" errors="0">
  <testcase name="calender" time="35.291" classname="com.crm.PRACTICE.HandleCalenderGoibiboTest"/>
</testsuite> <!-- com.crm.PRACTICE.HandleCalenderGoibiboTest -->
