<?xml version="1.0" encoding="UTF-8"?>
<!-- Generated by org.testng.reporters.JUnitReportReporter -->
<testsuite skipped="0" hostname="CHANDAN" name="com.crm.PRACTICE.ReadDataFromSuiteXMLfileTest" tests="1" failures="0" timestamp="17 Feb 2022 09:52:31 GMT" time="0.030" errors="0">
  <testcase name="readDataFromSuiteXMLfileTest" time="0.030" classname="com.crm.PRACTICE.ReadDataFromSuiteXMLfileTest"/>
</testsuite> <!-- com.crm.PRACTICE.ReadDataFromSuiteXMLfileTest -->
