<?xml version="1.0" encoding="UTF-8"?>
<!-- Generated by org.testng.reporters.JUnitReportReporter -->
<testsuite skipped="0" hostname="DESKTOP-M05BBAF" name="com.crm.PRACTICE.BaseClassPractise" tests="2" failures="0" timestamp="02 Mar 2022 04:51:13 GMT" time="42.051" errors="0">
  <testcase name="actualTest1" time="16.947" classname="com.crm.PRACTICE.BaseClassPractise"/>
  <testcase name="actualTest" time="25.104" classname="com.crm.PRACTICE.BaseClassPractise"/>
</testsuite> <!-- com.crm.PRACTICE.BaseClassPractise -->
