<?xml version="1.0" encoding="UTF-8"?>
<!-- Generated by org.testng.reporters.JUnitReportReporter -->
<testsuite skipped="0" hostname="DESKTOP-M05BBAF" name="com.crm.PractiseWithBaseClass.CreateContact" tests="1" failures="0" timestamp="04 Mar 2022 05:35:23 GMT" time="45.535" errors="0">
  <testcase name="createContactTest" time="45.535" classname="com.crm.PractiseWithBaseClass.CreateContact"/>
</testsuite> <!-- com.crm.PractiseWithBaseClass.CreateContact -->
